<?xml version="1.0" encoding="UTF-8"?>
<!-- Generated by org.testng.reporters.JUnitXMLReporter -->
<testsuite hostname="LAPTOP-IC7GV0L7" failures="2" tests="4" name="FFTest" time="3.759" errors="0" timestamp="21 Aug 2018 20:00:42 GMT">
  <testcase classname="test.testingXM.NewTestSon" name="fp" time="0.002"/>
  <testcase classname="test.testingXM.NewTestSon" name="f1" time="0.002">
    <failure type="java.lang.AssertionError" message="bad luck expected [true] but found [false]">
      <![CDATA[java.lang.AssertionError: bad luck expected [true] but found [false]
	at test.testingXM.NewTestSon.f1(NewTestSon.java:16)
... Removed 27 stack frames]]>
    </failure>
  </testcase> <!-- f1 -->
  <testcase classname="test.testingXM.NewTestSon" name="f2" time="0.001">
    <failure type="java.lang.AssertionError" message="bad luck expected [true] but found [false]">
      <![CDATA[java.lang.AssertionError: bad luck expected [true] but found [false]
	at test.testingXM.NewTestSon.f2(NewTestSon.java:31)
... Removed 27 stack frames]]>
    </failure>
  </testcase> <!-- f2 -->
  <testcase classname="test.testingXM.NewTestSon" name="f3" time="0.001"/>
</testsuite> <!-- FFTest -->
